[2023-10-13 18:47:48,752] INFO Terminating process due to signal SIGHUP (org.apache.kafka.common.utils.LoggingSignalHandler)
[2023-10-13 18:47:48,753] INFO Terminating process due to signal SIGHUP (org.apache.kafka.common.utils.LoggingSignalHandler)
[2023-10-13 18:47:48,758] INFO [KafkaServer id=0] shutting down (kafka.server.KafkaServer)
[2023-10-13 18:47:48,759] INFO [KafkaServer id=0] Starting controlled shutdown (kafka.server.KafkaServer)
[2023-10-13 18:47:48,791] INFO [KafkaServer id=0] Controlled shutdown request returned successfully after 14ms (kafka.server.KafkaServer)
[2023-10-13 18:47:48,805] INFO [/config/changes-event-process-thread]: Shutting down (kafka.common.ZkNodeChangeNotificationListener$ChangeEventProcessThread)
[2023-10-13 18:47:48,806] INFO [/config/changes-event-process-thread]: Stopped (kafka.common.ZkNodeChangeNotificationListener$ChangeEventProcessThread)
[2023-10-13 18:47:48,808] INFO [/config/changes-event-process-thread]: Shutdown completed (kafka.common.ZkNodeChangeNotificationListener$ChangeEventProcessThread)
[2023-10-13 18:47:48,809] INFO [SocketServer listenerType=ZK_BROKER, nodeId=0] Stopping socket server request processors (kafka.network.SocketServer)
[2023-10-13 18:47:48,835] INFO [SocketServer listenerType=ZK_BROKER, nodeId=0] Stopped socket server request processors (kafka.network.SocketServer)
[2023-10-13 18:47:48,836] INFO [data-plane Kafka Request Handler on Broker 0], shutting down (kafka.server.KafkaRequestHandlerPool)
[2023-10-13 18:47:48,838] INFO [data-plane Kafka Request Handler on Broker 0], shut down completely (kafka.server.KafkaRequestHandlerPool)
[2023-10-13 18:47:48,846] INFO [ExpirationReaper-0-AlterAcls]: Shutting down (kafka.server.DelayedOperationPurgatory$ExpiredOperationReaper)
[2023-10-13 18:47:48,846] INFO [ExpirationReaper-0-AlterAcls]: Stopped (kafka.server.DelayedOperationPurgatory$ExpiredOperationReaper)
[2023-10-13 18:47:48,846] INFO [ExpirationReaper-0-AlterAcls]: Shutdown completed (kafka.server.DelayedOperationPurgatory$ExpiredOperationReaper)
[2023-10-13 18:47:48,847] INFO [KafkaApi-0] Shutdown complete. (kafka.server.KafkaApis)
[2023-10-13 18:47:48,848] INFO [ExpirationReaper-0-topic]: Shutting down (kafka.server.DelayedOperationPurgatory$ExpiredOperationReaper)
[2023-10-13 18:47:48,849] INFO [ExpirationReaper-0-topic]: Shutdown completed (kafka.server.DelayedOperationPurgatory$ExpiredOperationReaper)
[2023-10-13 18:47:48,849] INFO [ExpirationReaper-0-topic]: Stopped (kafka.server.DelayedOperationPurgatory$ExpiredOperationReaper)
[2023-10-13 18:47:48,858] INFO [TransactionCoordinator id=0] Shutting down. (kafka.coordinator.transaction.TransactionCoordinator)
[2023-10-13 18:47:48,860] INFO [Transaction State Manager 0]: Shutdown complete (kafka.coordinator.transaction.TransactionStateManager)
[2023-10-13 18:47:48,860] INFO [TxnMarkerSenderThread-0]: Shutting down (kafka.coordinator.transaction.TransactionMarkerChannelManager)
[2023-10-13 18:47:48,860] INFO [TxnMarkerSenderThread-0]: Shutdown completed (kafka.coordinator.transaction.TransactionMarkerChannelManager)
[2023-10-13 18:47:48,860] INFO [TxnMarkerSenderThread-0]: Stopped (kafka.coordinator.transaction.TransactionMarkerChannelManager)
[2023-10-13 18:47:48,864] INFO [TransactionCoordinator id=0] Shutdown complete. (kafka.coordinator.transaction.TransactionCoordinator)
[2023-10-13 18:47:48,866] INFO [GroupCoordinator 0]: Shutting down. (kafka.coordinator.group.GroupCoordinator)
[2023-10-13 18:47:48,867] INFO [ExpirationReaper-0-Heartbeat]: Shutting down (kafka.server.DelayedOperationPurgatory$ExpiredOperationReaper)
[2023-10-13 18:47:48,868] INFO [ExpirationReaper-0-Heartbeat]: Stopped (kafka.server.DelayedOperationPurgatory$ExpiredOperationReaper)
[2023-10-13 18:47:48,868] INFO [ExpirationReaper-0-Heartbeat]: Shutdown completed (kafka.server.DelayedOperationPurgatory$ExpiredOperationReaper)
[2023-10-13 18:47:48,874] INFO [ExpirationReaper-0-Rebalance]: Shutting down (kafka.server.DelayedOperationPurgatory$ExpiredOperationReaper)
[2023-10-13 18:47:48,875] INFO [ExpirationReaper-0-Rebalance]: Stopped (kafka.server.DelayedOperationPurgatory$ExpiredOperationReaper)
[2023-10-13 18:47:48,876] INFO [ExpirationReaper-0-Rebalance]: Shutdown completed (kafka.server.DelayedOperationPurgatory$ExpiredOperationReaper)
[2023-10-13 18:47:48,879] INFO [GroupCoordinator 0]: Shutdown complete. (kafka.coordinator.group.GroupCoordinator)
[2023-10-13 18:47:48,880] INFO [ReplicaManager broker=0] Shutting down (kafka.server.ReplicaManager)
[2023-10-13 18:47:48,881] INFO [LogDirFailureHandler]: Shutting down (kafka.server.ReplicaManager$LogDirFailureHandler)
[2023-10-13 18:47:48,882] INFO [LogDirFailureHandler]: Shutdown completed (kafka.server.ReplicaManager$LogDirFailureHandler)
[2023-10-13 18:47:48,882] INFO [LogDirFailureHandler]: Stopped (kafka.server.ReplicaManager$LogDirFailureHandler)
[2023-10-13 18:47:48,882] INFO [ReplicaFetcherManager on broker 0] shutting down (kafka.server.ReplicaFetcherManager)
[2023-10-13 18:47:48,885] INFO [ReplicaFetcherManager on broker 0] shutdown completed (kafka.server.ReplicaFetcherManager)
[2023-10-13 18:47:48,886] INFO [ReplicaAlterLogDirsManager on broker 0] shutting down (kafka.server.ReplicaAlterLogDirsManager)
[2023-10-13 18:47:48,886] INFO [ReplicaAlterLogDirsManager on broker 0] shutdown completed (kafka.server.ReplicaAlterLogDirsManager)
[2023-10-13 18:47:48,888] INFO [ExpirationReaper-0-Fetch]: Shutting down (kafka.server.DelayedOperationPurgatory$ExpiredOperationReaper)
[2023-10-13 18:47:48,889] INFO [ExpirationReaper-0-Fetch]: Stopped (kafka.server.DelayedOperationPurgatory$ExpiredOperationReaper)
[2023-10-13 18:47:48,889] INFO [ExpirationReaper-0-Fetch]: Shutdown completed (kafka.server.DelayedOperationPurgatory$ExpiredOperationReaper)
[2023-10-13 18:47:48,890] INFO [ExpirationReaper-0-RemoteFetch]: Shutting down (kafka.server.DelayedOperationPurgatory$ExpiredOperationReaper)
[2023-10-13 18:47:48,890] INFO [ExpirationReaper-0-RemoteFetch]: Stopped (kafka.server.DelayedOperationPurgatory$ExpiredOperationReaper)
[2023-10-13 18:47:48,890] INFO [ExpirationReaper-0-RemoteFetch]: Shutdown completed (kafka.server.DelayedOperationPurgatory$ExpiredOperationReaper)
[2023-10-13 18:47:48,896] INFO [ExpirationReaper-0-Produce]: Shutting down (kafka.server.DelayedOperationPurgatory$ExpiredOperationReaper)
[2023-10-13 18:47:48,900] INFO [ExpirationReaper-0-Produce]: Stopped (kafka.server.DelayedOperationPurgatory$ExpiredOperationReaper)
[2023-10-13 18:47:48,900] INFO [ExpirationReaper-0-Produce]: Shutdown completed (kafka.server.DelayedOperationPurgatory$ExpiredOperationReaper)
[2023-10-13 18:47:48,902] INFO [ExpirationReaper-0-DeleteRecords]: Shutting down (kafka.server.DelayedOperationPurgatory$ExpiredOperationReaper)
[2023-10-13 18:47:48,902] INFO [ExpirationReaper-0-DeleteRecords]: Stopped (kafka.server.DelayedOperationPurgatory$ExpiredOperationReaper)
[2023-10-13 18:47:48,902] INFO [ExpirationReaper-0-DeleteRecords]: Shutdown completed (kafka.server.DelayedOperationPurgatory$ExpiredOperationReaper)
[2023-10-13 18:47:48,903] INFO [ExpirationReaper-0-ElectLeader]: Shutting down (kafka.server.DelayedOperationPurgatory$ExpiredOperationReaper)
[2023-10-13 18:47:48,903] INFO [ExpirationReaper-0-ElectLeader]: Stopped (kafka.server.DelayedOperationPurgatory$ExpiredOperationReaper)
[2023-10-13 18:47:48,904] INFO [ExpirationReaper-0-ElectLeader]: Shutdown completed (kafka.server.DelayedOperationPurgatory$ExpiredOperationReaper)
[2023-10-13 18:47:48,913] INFO [AddPartitionsToTxnSenderThread-0]: Shutting down (kafka.server.AddPartitionsToTxnManager)
[2023-10-13 18:47:48,914] INFO [AddPartitionsToTxnSenderThread-0]: Shutdown completed (kafka.server.AddPartitionsToTxnManager)
[2023-10-13 18:47:48,914] INFO [AddPartitionsToTxnSenderThread-0]: Stopped (kafka.server.AddPartitionsToTxnManager)
[2023-10-13 18:47:48,915] INFO [ReplicaManager broker=0] Shut down completely (kafka.server.ReplicaManager)
[2023-10-13 18:47:48,916] INFO [zk-broker-0-to-controller-alter-partition-channel-manager]: Shutting down (kafka.server.BrokerToControllerRequestThread)
[2023-10-13 18:47:48,916] INFO [zk-broker-0-to-controller-alter-partition-channel-manager]: Stopped (kafka.server.BrokerToControllerRequestThread)
[2023-10-13 18:47:48,916] INFO [zk-broker-0-to-controller-alter-partition-channel-manager]: Shutdown completed (kafka.server.BrokerToControllerRequestThread)
[2023-10-13 18:47:48,921] INFO Broker to controller channel manager for alter-partition shutdown (kafka.server.BrokerToControllerChannelManagerImpl)
[2023-10-13 18:47:48,922] INFO [zk-broker-0-to-controller-forwarding-channel-manager]: Shutting down (kafka.server.BrokerToControllerRequestThread)
[2023-10-13 18:47:48,924] INFO [zk-broker-0-to-controller-forwarding-channel-manager]: Stopped (kafka.server.BrokerToControllerRequestThread)
[2023-10-13 18:47:48,925] INFO [zk-broker-0-to-controller-forwarding-channel-manager]: Shutdown completed (kafka.server.BrokerToControllerRequestThread)
[2023-10-13 18:47:48,926] INFO Broker to controller channel manager for forwarding shutdown (kafka.server.BrokerToControllerChannelManagerImpl)
[2023-10-13 18:47:48,928] INFO Shutting down. (kafka.log.LogManager)
[2023-10-13 18:47:48,931] INFO [kafka-log-cleaner-thread-0]: Shutting down (kafka.log.LogCleaner$CleanerThread)
[2023-10-13 18:47:48,931] INFO [kafka-log-cleaner-thread-0]: Shutdown completed (kafka.log.LogCleaner$CleanerThread)
[2023-10-13 18:47:48,931] INFO [kafka-log-cleaner-thread-0]: Stopped (kafka.log.LogCleaner$CleanerThread)
[2023-10-13 18:47:48,965] INFO [ProducerStateManager partition=name-topic-0]Wrote producer snapshot at offset 2 with 1 producer ids in 6 ms. (org.apache.kafka.storage.internals.log.ProducerStateManager)
[2023-10-13 18:47:49,025] INFO [ProducerStateManager partition=__consumer_offsets-41]Wrote producer snapshot at offset 3 with 0 producer ids in 3 ms. (org.apache.kafka.storage.internals.log.ProducerStateManager)
[2023-10-13 18:47:49,064] INFO [ProducerStateManager partition=__consumer_offsets-17]Wrote producer snapshot at offset 7 with 0 producer ids in 3 ms. (org.apache.kafka.storage.internals.log.ProducerStateManager)
[2023-10-13 18:47:49,149] INFO [ProducerStateManager partition=location-update-topic-0]Wrote producer snapshot at offset 6 with 1 producer ids in 5 ms. (org.apache.kafka.storage.internals.log.ProducerStateManager)
[2023-10-13 18:47:49,175] INFO [ProducerStateManager partition=__consumer_offsets-9]Wrote producer snapshot at offset 3 with 0 producer ids in 2 ms. (org.apache.kafka.storage.internals.log.ProducerStateManager)
[2023-10-13 18:47:49,193] INFO Shutdown complete. (kafka.log.LogManager)
[2023-10-13 18:47:49,199] INFO [feature-zk-node-event-process-thread]: Shutting down (kafka.server.FinalizedFeatureChangeListener$ChangeNotificationProcessorThread)
[2023-10-13 18:47:49,200] INFO [feature-zk-node-event-process-thread]: Shutdown completed (kafka.server.FinalizedFeatureChangeListener$ChangeNotificationProcessorThread)
[2023-10-13 18:47:49,200] INFO [feature-zk-node-event-process-thread]: Stopped (kafka.server.FinalizedFeatureChangeListener$ChangeNotificationProcessorThread)
[2023-10-13 18:47:49,200] INFO [ZooKeeperClient Kafka server] Closing. (kafka.zookeeper.ZooKeeperClient)
[2023-10-13 18:47:49,309] INFO Session: 0x100004660390000 closed (org.apache.zookeeper.ZooKeeper)
[2023-10-13 18:47:49,309] INFO EventThread shut down for session: 0x100004660390000 (org.apache.zookeeper.ClientCnxn)
[2023-10-13 18:47:49,312] INFO [ZooKeeperClient Kafka server] Closed. (kafka.zookeeper.ZooKeeperClient)
[2023-10-13 18:47:49,313] INFO [ThrottledChannelReaper-Fetch]: Shutting down (kafka.server.ClientQuotaManager$ThrottledChannelReaper)
[2023-10-13 18:47:49,316] INFO [ThrottledChannelReaper-Fetch]: Stopped (kafka.server.ClientQuotaManager$ThrottledChannelReaper)
[2023-10-13 18:47:49,316] INFO [ThrottledChannelReaper-Fetch]: Shutdown completed (kafka.server.ClientQuotaManager$ThrottledChannelReaper)
[2023-10-13 18:47:49,317] INFO [ThrottledChannelReaper-Produce]: Shutting down (kafka.server.ClientQuotaManager$ThrottledChannelReaper)
[2023-10-13 18:47:49,317] INFO [ThrottledChannelReaper-Produce]: Stopped (kafka.server.ClientQuotaManager$ThrottledChannelReaper)
[2023-10-13 18:47:49,317] INFO [ThrottledChannelReaper-Produce]: Shutdown completed (kafka.server.ClientQuotaManager$ThrottledChannelReaper)
[2023-10-13 18:47:49,318] INFO [ThrottledChannelReaper-Request]: Shutting down (kafka.server.ClientQuotaManager$ThrottledChannelReaper)
[2023-10-13 18:47:49,318] INFO [ThrottledChannelReaper-Request]: Stopped (kafka.server.ClientQuotaManager$ThrottledChannelReaper)
[2023-10-13 18:47:49,318] INFO [ThrottledChannelReaper-Request]: Shutdown completed (kafka.server.ClientQuotaManager$ThrottledChannelReaper)
[2023-10-13 18:47:49,318] INFO [ThrottledChannelReaper-ControllerMutation]: Shutting down (kafka.server.ClientQuotaManager$ThrottledChannelReaper)
[2023-10-13 18:47:49,318] INFO [ThrottledChannelReaper-ControllerMutation]: Stopped (kafka.server.ClientQuotaManager$ThrottledChannelReaper)
[2023-10-13 18:47:49,318] INFO [ThrottledChannelReaper-ControllerMutation]: Shutdown completed (kafka.server.ClientQuotaManager$ThrottledChannelReaper)
[2023-10-13 18:47:49,319] INFO [SocketServer listenerType=ZK_BROKER, nodeId=0] Shutting down socket server (kafka.network.SocketServer)
[2023-10-13 18:47:49,331] INFO [SocketServer listenerType=ZK_BROKER, nodeId=0] Shutdown completed (kafka.network.SocketServer)
[2023-10-13 18:47:49,332] INFO Metrics scheduler closed (org.apache.kafka.common.metrics.Metrics)
[2023-10-13 18:47:49,332] INFO Closing reporter org.apache.kafka.common.metrics.JmxReporter (org.apache.kafka.common.metrics.Metrics)
[2023-10-13 18:47:49,332] INFO Metrics reporters closed (org.apache.kafka.common.metrics.Metrics)
[2023-10-13 18:47:49,333] INFO Broker and topic stats closed (kafka.server.BrokerTopicStats)
[2023-10-13 18:47:49,333] INFO App info kafka.server for 0 unregistered (org.apache.kafka.common.utils.AppInfoParser)
[2023-10-13 18:47:49,334] INFO [KafkaServer id=0] shut down completed (kafka.server.KafkaServer)
